2025-09-02 04:05:57,380 - __main__ - INFO - Starting UAV RL System in train mode
2025-09-02 04:05:57,380 - __main__ - INFO - Arguments: {'mode': 'train', 'episodes': 100, 'max_steps': 300, 'eval_interval': 100, 'save_interval': 200, 'log_interval': 50, 'learning_rate': 0.1, 'discount': 0.99, 'epsilon_start': 0.3, 'epsilon_end': 0.05, 'epsilon_decay': 0.995, 'expert_bonus': 2.0, 'sim_config': 'config/simulator_params.json', 'expert_config': 'config/expert_policy.json', 'output_dir': 'test_run', 'experiment_name': 'uav_ddos_rl', 'model_path': None, 'log_level': 'INFO', 'no_validation': False}
2025-09-02 04:05:57,382 - __main__ - INFO - Loading simulator config from config/simulator_params.json
2025-09-02 04:05:57,395 - environment.thermal_simulator - INFO - UAV simulator initialized
2025-09-02 04:05:57,395 - agents.expert_policy - INFO - Loaded lookup table from config/expert_policy.json
2025-09-02 04:05:57,395 - agents.expert_policy - INFO - Expert policy initialized with 45 lookup entries
2025-09-02 04:05:57,395 - utils.state_discretizer - INFO - State discretizer initialized with 5400 discrete states
2025-09-02 04:05:57,395 - agents.q_learning_agent - INFO - Warming up Q-table from expert policy
2025-09-02 04:05:57,431 - agents.q_learning_agent - INFO - Q-table initialized with 5400 states
2025-09-02 04:05:57,431 - agents.q_learning_agent - INFO - Q-learning agent initialized with 5400 states
2025-09-02 04:05:57,431 - validation.safety_validator - INFO - Safety validator initialized with 8 scenarios
2025-09-02 04:05:57,431 - __main__ - INFO - All components created successfully
2025-09-02 04:05:57,431 - training.trainer - INFO - RL Trainer initialized with config: uav_ddos_rl
2025-09-02 04:05:57,431 - __main__ - INFO - Starting training...
2025-09-02 04:05:57,431 - training.trainer - INFO - Starting training for 100 episodes
2025-09-02 04:05:58,891 - training.trainer - INFO - Episode 50/100: Reward=312.15, Length=300.0, Expert=86.3%, MaxTemp=60.3°C, Effectiveness=56.3%, Safety=0.0, Epsilon=0.233
2025-09-02 04:06:00,264 - training.trainer - INFO - Episode 100/100: Reward=318.16, Length=300.0, Expert=89.2%, MaxTemp=58.2°C, Effectiveness=56.2%, Safety=0.0, Epsilon=0.182
2025-09-02 04:06:00,264 - training.trainer - INFO - Evaluating policy at episode 100...
2025-09-02 04:06:00,267 - validation.safety_validator - INFO - Starting safety validation with 3 episodes per scenario
2025-09-02 04:06:00,267 - validation.safety_validator - INFO - Testing scenario: normal_operation
2025-09-02 04:06:00,303 - validation.safety_validator - INFO - Testing scenario: hot_conditions
2025-09-02 04:06:00,348 - validation.safety_validator - INFO - Testing scenario: low_battery
2025-09-02 04:06:00,376 - validation.safety_validator - INFO - Testing scenario: critical_battery
2025-09-02 04:06:00,396 - validation.safety_validator - INFO - Testing scenario: continuous_threat
2025-09-02 04:06:00,441 - validation.safety_validator - INFO - Testing scenario: temperature_stress
2025-09-02 04:06:00,467 - validation.safety_validator - INFO - Testing scenario: mixed_conditions
2025-09-02 04:06:00,512 - validation.safety_validator - INFO - Testing scenario: tst_recovery
2025-09-02 04:06:00,542 - validation.safety_validator - INFO - Validation completed. Safety score: 0.946
2025-09-02 04:06:00,542 - training.trainer - INFO - Evaluation: Expert Agreement=97.2%, Safety=100.0%, Reward=0.11, Score=0.946
2025-09-02 04:06:00,542 - training.trainer - INFO - Evaluating policy at episode 100...
2025-09-02 04:06:00,542 - validation.safety_validator - INFO - Starting safety validation with 5 episodes per scenario
2025-09-02 04:06:00,542 - validation.safety_validator - INFO - Testing scenario: normal_operation
2025-09-02 04:06:00,608 - validation.safety_validator - INFO - Testing scenario: hot_conditions
2025-09-02 04:06:00,673 - validation.safety_validator - INFO - Testing scenario: low_battery
2025-09-02 04:06:00,708 - validation.safety_validator - INFO - Testing scenario: critical_battery
2025-09-02 04:06:00,741 - validation.safety_validator - INFO - Testing scenario: continuous_threat
2025-09-02 04:06:00,808 - validation.safety_validator - INFO - Testing scenario: temperature_stress
2025-09-02 04:06:00,848 - validation.safety_validator - INFO - Testing scenario: mixed_conditions
2025-09-02 04:06:00,918 - validation.safety_validator - INFO - Testing scenario: tst_recovery
2025-09-02 04:06:00,984 - validation.safety_validator - INFO - Validation completed. Safety score: 0.946
2025-09-02 04:06:00,984 - training.trainer - INFO - Evaluation: Expert Agreement=97.2%, Safety=100.0%, Reward=0.11, Score=0.946
2025-09-02 04:06:00,987 - validation.safety_validator - INFO - Validation report saved to test_run\final_evaluation.txt
2025-09-02 04:06:00,987 - training.trainer - ERROR - Evaluation failed: Object of type bool is not JSON serializable
2025-09-02 04:06:01,063 - agents.q_learning_agent - INFO - Agent saved to test_run\checkpoints\final_model.json
2025-09-02 04:06:01,101 - training.trainer - INFO - Checkpoint saved: episode 100
2025-09-02 04:06:01,101 - training.trainer - INFO - Generating training visualizations...
2025-09-02 04:06:03,220 - training.trainer - INFO - Visualizations saved to test_run\figures
2025-09-02 04:06:03,220 - training.trainer - INFO - Training completed in 5.8 seconds
2025-09-02 04:06:03,253 - __main__ - INFO - train mode completed successfully
